<?xml version="1.0" encoding="UTF-8"?>
<web-app version="5.0"
         xmlns="https://jakarta.ee/xml/ns/jakartaee"
         xmlns:xsi="http://www.w3.org/2001/XMLSchema-instance"
         xsi:schemaLocation="https://jakarta.ee/xml/ns/jakartaee https://jakarta.ee/xml/ns/jakartaee/web-app_5_0.xsd">
	<servlet>
		<servlet-name>jakarta.ws.rs.core.Application</servlet-name>
	</servlet>
	<servlet-mapping>
		<servlet-name>jakarta.ws.rs.core.Application</servlet-name>
		<url-pattern>/rest/*</url-pattern>
	</servlet-mapping>
	<welcome-file-list>
		<welcome-file>index.html</welcome-file>
	</welcome-file-list>
	<data-source>
		<name>java:app/jdbc/JakartaEECafeDB</name>
		<class-name>org.h2.jdbcx.JdbcDataSource</class-name>
		<url>jdbc:h2:file:./jakartaee-cafe-test-data/jakartaee-cafe-data;create=true</url>
		<max-pool-size>32</max-pool-size>
		<min-pool-size>2</min-pool-size>
	</data-source>
</web-app>
